<?xml version="1.0" encoding="UTF-8"?>
<!-- Generated by org.testng.reporters.JUnitXMLReporter -->
<testsuite ignored="0" hostname="Sarang" failures="0" tests="2" name="Test Automation" time="1.877" errors="0" timestamp="2022-12-18T13:32:36 CST">
  <testcase classname="frameworkBase.BaseMain" name="@BeforeMethod beforeMethodMethod" time="1.09">
    <failure type="java.lang.NullPointerException" message="Cannot invoke &amp;quot;org.openqa.selenium.WebDriver.manage()&amp;quot; because &amp;quot;frameworkBase.BaseMain.driver&amp;quot; is null">
      <![CDATA[java.lang.NullPointerException: Cannot invoke "org.openqa.selenium.WebDriver.manage()" because "frameworkBase.BaseMain.driver" is null
at frameworkBase.BaseMain.beforeMethodMethod(BaseMain.java:50)
at java.base/java.util.ArrayList.forEach(ArrayList.java:1511)
... Removed 31 stack frames]]>
    </failure>
  </testcase> <!-- @BeforeMethod beforeMethodMethod -->
  <testcase classname="frameworkBase.BaseMain" name="@AfterMethod afterMethodMethod" time="0.0">
    <skipped/>
  </testcase> <!-- @AfterMethod afterMethodMethod -->
  <testcase classname="frameworkBase.BaseMain" name="@BeforeMethod beforeMethodMethod" time="0.0">
    <skipped/>
  </testcase> <!-- @BeforeMethod beforeMethodMethod -->
  <testcase classname="frameworkBase.BaseMain" name="@AfterMethod afterMethodMethod" time="0.0">
    <skipped/>
  </testcase> <!-- @AfterMethod afterMethodMethod -->
  <testcase classname="testCase.OrangeCRMTests" name="loginToOrangeCRM" time="0.0">
    <skipped/>
  </testcase> <!-- loginToOrangeCRM -->
  <testcase classname="testCase.OrangeCRMTests" name="logout" time="0.0">
    <skipped/>
  </testcase> <!-- logout -->
</testsuite> <!-- Test Automation -->
