<?xml version="1.0" encoding="UTF-8"?>
<testng-results ignored="0" total="2" passed="2" failed="0" skipped="0">
  <reporter-output>
  </reporter-output>
  <suite started-at="2022-12-21T02:58:10 CST" name="Suite" finished-at="2022-12-21T02:58:23 CST" duration-ms="12641">
    <groups>
    </groups>
    <test started-at="2022-12-21T02:58:10 CST" name="Test" finished-at="2022-12-21T02:58:23 CST" duration-ms="12641">
      <class name="testCase.OrangeCRMTest">
        <test-method is-config="true" signature="beforeTestMethod()[pri:0, instance:testCase.OrangeCRMTest@4b45a2f5]" started-at="2022-12-21T02:58:10 CST" name="beforeTestMethod" finished-at="2022-12-21T02:58:11 CST" duration-ms="213" status="PASS">
          <reporter-output>
          </reporter-output>
        </test-method> <!-- beforeTestMethod -->
        <test-method is-config="true" signature="beforeMethodMethod(java.lang.String,java.lang.reflect.Method)[pri:0, instance:testCase.OrangeCRMTest@4b45a2f5]" started-at="2022-12-21T02:58:11 CST" name="beforeMethodMethod" finished-at="2022-12-21T02:58:15 CST" duration-ms="4769" status="PASS">
          <params>
            <param index="0">
              <value>
                <![CDATA[chrome]]>
              </value>
            </param>
            <param index="1">
              <value>
                <![CDATA[public void testCase.OrangeCRMTest.loginToOrangeCRM() throws java.lang.InterruptedException,java.io.IOException]]>
              </value>
            </param>
          </params>
          <reporter-output>
          </reporter-output>
        </test-method> <!-- beforeMethodMethod -->
        <test-method signature="loginToOrangeCRM()[pri:0, instance:testCase.OrangeCRMTest@4b45a2f5]" started-at="2022-12-21T02:58:15 CST" name="loginToOrangeCRM" finished-at="2022-12-21T02:58:16 CST" duration-ms="539" status="PASS">
          <reporter-output>
          </reporter-output>
        </test-method> <!-- loginToOrangeCRM -->
        <test-method is-config="true" signature="afterMethodMethod(org.testng.ITestResult)[pri:0, instance:testCase.OrangeCRMTest@4b45a2f5]" started-at="2022-12-21T02:58:16 CST" name="afterMethodMethod" finished-at="2022-12-21T02:58:16 CST" duration-ms="160" status="PASS">
          <params>
            <param index="0">
              <value>
                <![CDATA[[TestResult name=loginToOrangeCRM status=SUCCESS method=OrangeCRMTest.loginToOrangeCRM()[pri:0, instance:testCase.OrangeCRMTest@4b45a2f5] output={null}]]]>
              </value>
            </param>
          </params>
          <reporter-output>
          </reporter-output>
        </test-method> <!-- afterMethodMethod -->
        <test-method is-config="true" signature="beforeMethodMethod(java.lang.String,java.lang.reflect.Method)[pri:0, instance:testCase.OrangeCRMTest@4b45a2f5]" started-at="2022-12-21T02:58:16 CST" name="beforeMethodMethod" finished-at="2022-12-21T02:58:20 CST" duration-ms="3361" status="PASS">
          <params>
            <param index="0">
              <value>
                <![CDATA[chrome]]>
              </value>
            </param>
            <param index="1">
              <value>
                <![CDATA[public void testCase.OrangeCRMTest.logout() throws java.lang.InterruptedException,java.io.IOException]]>
              </value>
            </param>
          </params>
          <reporter-output>
          </reporter-output>
        </test-method> <!-- beforeMethodMethod -->
        <test-method signature="logout()[pri:0, instance:testCase.OrangeCRMTest@4b45a2f5]" started-at="2022-12-21T02:58:20 CST" name="logout" finished-at="2022-12-21T02:58:23 CST" duration-ms="3155" status="PASS">
          <reporter-output>
          </reporter-output>
        </test-method> <!-- logout -->
        <test-method is-config="true" signature="afterMethodMethod(org.testng.ITestResult)[pri:0, instance:testCase.OrangeCRMTest@4b45a2f5]" started-at="2022-12-21T02:58:23 CST" name="afterMethodMethod" finished-at="2022-12-21T02:58:23 CST" duration-ms="188" status="PASS">
          <params>
            <param index="0">
              <value>
                <![CDATA[[TestResult name=logout status=SUCCESS method=OrangeCRMTest.logout()[pri:0, instance:testCase.OrangeCRMTest@4b45a2f5] output={null}]]]>
              </value>
            </param>
          </params>
          <reporter-output>
          </reporter-output>
        </test-method> <!-- afterMethodMethod -->
        <test-method is-config="true" signature="afterTestMethod()[pri:0, instance:testCase.OrangeCRMTest@4b45a2f5]" started-at="2022-12-21T02:58:23 CST" name="afterTestMethod" finished-at="2022-12-21T02:58:23 CST" duration-ms="228" status="PASS">
          <reporter-output>
          </reporter-output>
        </test-method> <!-- afterTestMethod -->
      </class> <!-- testCase.OrangeCRMTest -->
    </test> <!-- Test -->
  </suite> <!-- Suite -->
</testng-results>
