<?xml version="1.0" encoding="UTF-8"?>
<testng-results ignored="0" total="2" passed="2" failed="0" skipped="0">
  <reporter-output>
  </reporter-output>
  <suite started-at="2022-12-20T11:41:02 CST" name="Suite" finished-at="2022-12-20T11:41:19 CST" duration-ms="17501">
    <groups>
    </groups>
    <test started-at="2022-12-20T11:41:02 CST" name="Test" finished-at="2022-12-20T11:41:19 CST" duration-ms="17501">
      <class name="testCase.OrangeCRMTest">
        <test-method is-config="true" signature="beforeTestMethod()[pri:0, instance:testCase.OrangeCRMTest@2a265ea9]" started-at="2022-12-20T11:41:02 CST" name="beforeTestMethod" finished-at="2022-12-20T11:41:02 CST" duration-ms="421" status="PASS">
          <reporter-output>
          </reporter-output>
        </test-method> <!-- beforeTestMethod -->
        <test-method is-config="true" signature="beforeMethodMethod(java.lang.String,java.lang.reflect.Method)[pri:0, instance:testCase.OrangeCRMTest@2a265ea9]" started-at="2022-12-20T11:41:02 CST" name="beforeMethodMethod" finished-at="2022-12-20T11:41:09 CST" duration-ms="7093" status="PASS">
          <params>
            <param index="0">
              <value>
                <![CDATA[chrome]]>
              </value>
            </param>
            <param index="1">
              <value>
                <![CDATA[public void testCase.OrangeCRMTest.loginToOrangeCRM() throws java.lang.InterruptedException,java.io.IOException]]>
              </value>
            </param>
          </params>
          <reporter-output>
          </reporter-output>
        </test-method> <!-- beforeMethodMethod -->
        <test-method signature="loginToOrangeCRM()[pri:0, instance:testCase.OrangeCRMTest@2a265ea9]" started-at="2022-12-20T11:41:09 CST" name="loginToOrangeCRM" finished-at="2022-12-20T11:41:10 CST" duration-ms="581" status="PASS">
          <reporter-output>
          </reporter-output>
        </test-method> <!-- loginToOrangeCRM -->
        <test-method is-config="true" signature="afterMethodMethod(org.testng.ITestResult)[pri:0, instance:testCase.OrangeCRMTest@2a265ea9]" started-at="2022-12-20T11:41:10 CST" name="afterMethodMethod" finished-at="2022-12-20T11:41:10 CST" duration-ms="282" status="PASS">
          <params>
            <param index="0">
              <value>
                <![CDATA[[TestResult name=loginToOrangeCRM status=SUCCESS method=OrangeCRMTest.loginToOrangeCRM()[pri:0, instance:testCase.OrangeCRMTest@2a265ea9] output={null}]]]>
              </value>
            </param>
          </params>
          <reporter-output>
          </reporter-output>
        </test-method> <!-- afterMethodMethod -->
        <test-method is-config="true" signature="beforeMethodMethod(java.lang.String,java.lang.reflect.Method)[pri:0, instance:testCase.OrangeCRMTest@2a265ea9]" started-at="2022-12-20T11:41:10 CST" name="beforeMethodMethod" finished-at="2022-12-20T11:41:14 CST" duration-ms="4239" status="PASS">
          <params>
            <param index="0">
              <value>
                <![CDATA[chrome]]>
              </value>
            </param>
            <param index="1">
              <value>
                <![CDATA[public void testCase.OrangeCRMTest.logout() throws java.lang.InterruptedException,java.io.IOException]]>
              </value>
            </param>
          </params>
          <reporter-output>
          </reporter-output>
        </test-method> <!-- beforeMethodMethod -->
        <test-method signature="logout()[pri:0, instance:testCase.OrangeCRMTest@2a265ea9]" started-at="2022-12-20T11:41:14 CST" name="logout" finished-at="2022-12-20T11:41:18 CST" duration-ms="4055" status="PASS">
          <reporter-output>
          </reporter-output>
        </test-method> <!-- logout -->
        <test-method is-config="true" signature="afterMethodMethod(org.testng.ITestResult)[pri:0, instance:testCase.OrangeCRMTest@2a265ea9]" started-at="2022-12-20T11:41:18 CST" name="afterMethodMethod" finished-at="2022-12-20T11:41:19 CST" duration-ms="318" status="PASS">
          <params>
            <param index="0">
              <value>
                <![CDATA[[TestResult name=logout status=SUCCESS method=OrangeCRMTest.logout()[pri:0, instance:testCase.OrangeCRMTest@2a265ea9] output={null}]]]>
              </value>
            </param>
          </params>
          <reporter-output>
          </reporter-output>
        </test-method> <!-- afterMethodMethod -->
        <test-method is-config="true" signature="afterTestMethod()[pri:0, instance:testCase.OrangeCRMTest@2a265ea9]" started-at="2022-12-20T11:41:19 CST" name="afterTestMethod" finished-at="2022-12-20T11:41:19 CST" duration-ms="455" status="PASS">
          <reporter-output>
          </reporter-output>
        </test-method> <!-- afterTestMethod -->
      </class> <!-- testCase.OrangeCRMTest -->
    </test> <!-- Test -->
  </suite> <!-- Suite -->
</testng-results>
